2025-03-13 08:47:25 [main] INFO : [TestNG] Running:
  C:\Users\Satish\AppData\Local\JetBrains\IdeaIC2024.3\temp-testng-customsuite.xml

2025-03-13 08:47:27 [main] INFO : Starting testcase customer registration
2025-03-13 08:47:28 [main] INFO : Clicked on My Account link
2025-03-13 08:47:28 [main] INFO : Clicked on Register link
2025-03-13 08:47:28 [main] INFO : Entered first name
2025-03-13 08:47:28 [main] INFO : Entered last name
2025-03-13 08:47:29 [main] INFO : Entered email address
2025-03-13 08:47:29 [main] INFO : Entered Password
2025-03-13 08:47:29 [main] INFO : Clicked on agree
2025-03-13 08:47:29 [main] INFO : clicked on continue
2025-03-13 08:47:30 [main] ERROR: Validation successful
2025-03-13 08:47:30 [main] INFO : Finished testcase customer registration
2025-03-13 08:48:33 [main] INFO : [TestNG] Running:
  C:\Users\Satish\AppData\Local\JetBrains\IdeaIC2024.3\temp-testng-customsuite.xml

2025-03-13 08:48:36 [main] INFO : Starting testcase customer registration
2025-03-13 08:48:36 [main] INFO : Clicked on My Account link
2025-03-13 08:48:36 [main] INFO : Clicked on Register link
2025-03-13 08:48:36 [main] INFO : Entered first name
2025-03-13 08:48:37 [main] INFO : Entered last name
2025-03-13 08:48:37 [main] INFO : Entered email address
2025-03-13 08:48:37 [main] INFO : Entered Password
2025-03-13 08:48:37 [main] INFO : Clicked on agree
2025-03-13 08:48:37 [main] INFO : clicked on continue
2025-03-13 08:48:38 [main] ERROR: Validation failed
2025-03-13 08:48:38 [main] WARN : Validation warn
2025-03-13 08:48:38 [main] INFO : Finished testcase customer registration
2025-03-13 08:50:23 [main] DEBUG: suiteXmlPath: "C:\Users\Satish\AppData\Local\JetBrains\IdeaIC2024.3\temp-testng-customsuite.xml"
2025-03-13 08:50:24 [main] INFO : [TestNG] Running:
  C:\Users\Satish\AppData\Local\JetBrains\IdeaIC2024.3\temp-testng-customsuite.xml

2025-03-13 08:50:27 [main] INFO : Starting testcase customer registration
2025-03-13 08:50:27 [main] INFO : Clicked on My Account link
2025-03-13 08:50:27 [main] INFO : Clicked on Register link
2025-03-13 08:50:27 [main] INFO : Entered first name
2025-03-13 08:50:28 [main] INFO : Entered last name
2025-03-13 08:50:28 [main] INFO : Entered email address
2025-03-13 08:50:28 [main] INFO : Entered Password
2025-03-13 08:50:28 [main] INFO : Clicked on agree
2025-03-13 08:50:28 [main] INFO : clicked on continue
2025-03-13 08:50:29 [main] ERROR: Validation failed
2025-03-13 08:50:29 [main] DEBUG: Validation debug
2025-03-13 08:50:29 [main] WARN : Validation warn
2025-03-13 08:50:29 [main] INFO : Finished testcase customer registration
2025-03-13 08:51:04 [main] DEBUG: suiteXmlPath: "C:\Users\Satish\AppData\Local\JetBrains\IdeaIC2024.3\temp-testng-customsuite.xml"
2025-03-13 08:51:05 [main] TRACE: [Graph] ADDING NODE baseTest.setUp()[pri:0, instance:null] -2064515190
2025-03-13 08:51:05 [main] TRACE: [Graph] ================ SORTING
2025-03-13 08:51:05 [main] TRACE: [Graph] =============== DONE SORTING
2025-03-13 08:51:05 [main] TRACE: [Graph] ====== SORTED NODES
2025-03-13 08:51:05 [main] TRACE: [Graph] ====== END SORTED NODES
2025-03-13 08:51:05 [main] TRACE: [Graph] ADDING NODE baseTest.tearDown()[pri:0, instance:null] 515838961
2025-03-13 08:51:05 [main] TRACE: [Graph] ================ SORTING
2025-03-13 08:51:05 [main] TRACE: [Graph] =============== DONE SORTING
2025-03-13 08:51:05 [main] TRACE: [Graph] ====== SORTED NODES
2025-03-13 08:51:05 [main] TRACE: [Graph] ====== END SORTED NODES
2025-03-13 08:51:05 [main] TRACE: [Graph] ADDING NODE baseTest.setUp()[pri:0, instance:org.Abc.testCases.customerRegistration@2f48b3d2] 1217832328
2025-03-13 08:51:05 [main] TRACE: [Graph] ================ SORTING
2025-03-13 08:51:05 [main] TRACE: [Graph] =============== DONE SORTING
2025-03-13 08:51:05 [main] TRACE: [Graph] ====== SORTED NODES
2025-03-13 08:51:05 [main] TRACE: [Graph] ====== END SORTED NODES
2025-03-13 08:51:05 [main] TRACE: [Graph] ADDING NODE customerRegistration.tc01RegiserCustomer()[pri:0, instance:org.Abc.testCases.customerRegistration@2f48b3d2] 412615616
