2025-03-13 08:51:05 [main] TRACE: [Graph] ================ SORTING
2025-03-13 08:51:05 [main] TRACE: [Graph] =============== DONE SORTING
2025-03-13 08:51:05 [main] TRACE: [Graph] ====== SORTED NODES
2025-03-13 08:51:05 [main] TRACE: [Graph] ====== END SORTED NODES
2025-03-13 08:51:05 [main] TRACE: [Graph] ADDING NODE baseTest.tearDown()[pri:0, instance:org.Abc.testCases.customerRegistration@2f48b3d2] -395567615
2025-03-13 08:51:05 [main] TRACE: [Graph] ================ SORTING
2025-03-13 08:51:05 [main] TRACE: [Graph] =============== DONE SORTING
2025-03-13 08:51:05 [main] TRACE: [Graph] ====== SORTED NODES
2025-03-13 08:51:05 [main] TRACE: [Graph] ====== END SORTED NODES
2025-03-13 08:51:05 [main] INFO : [TestNG] Running:
  C:\Users\Satish\AppData\Local\JetBrains\IdeaIC2024.3\temp-testng-customsuite.xml

2025-03-13 08:51:08 [main] INFO : Starting testcase customer registration
2025-03-13 08:51:08 [main] INFO : Clicked on My Account link
2025-03-13 08:51:08 [main] INFO : Clicked on Register link
2025-03-13 08:51:09 [main] INFO : Entered first name
2025-03-13 08:51:09 [main] INFO : Entered last name
2025-03-13 08:51:09 [main] INFO : Entered email address
2025-03-13 08:51:09 [main] INFO : Entered Password
2025-03-13 08:51:09 [main] INFO : Clicked on agree
2025-03-13 08:51:09 [main] INFO : clicked on continue
2025-03-13 08:51:10 [main] ERROR: Validation failed
2025-03-13 08:51:10 [main] DEBUG: Validation debug
2025-03-13 08:51:10 [main] WARN : Validation warn
2025-03-13 08:51:10 [main] INFO : Finished testcase customer registration
2025-03-13 08:52:04 [main] ERROR: Validation failed
